<?xml version="1.0" encoding="UTF-8"?>
<testsuite name="anuj.wifidirect.ExampleUnitTest" tests="1" skipped="0" failures="0" errors="0" timestamp="2017-06-30T16:18:37" hostname="lakhdar.lille.inria.fr" time="0.001">
  <properties/>
  <testcase name="addition_isCorrect" classname="anuj.wifidirect.ExampleUnitTest" time="0.001"/>
  <system-out><![CDATA[]]></system-out>
  <system-err><![CDATA[]]></system-err>
</testsuite>
